<?xml version="1.0" encoding="UTF-8"?>
<!-- Generated by org.testng.reporters.JUnitReportReporter -->
<testsuite skipped="0" hostname="DESKTOP-S49HO28" name="loginTest.AmazonTest" tests="5" failures="0" timestamp="07 Oct 2022 10:57:20 GMT" time="21.484" errors="0">
  <testcase name="searchProduct" time="7.125" classname="loginTest.AmazonTest"/>
  <testcase name="selectproductfromlist" time="5.977" classname="loginTest.AmazonTest"/>
  <testcase name="setitemtocart" time="0.091" classname="loginTest.AmazonTest"/>
  <testcase name="verifyshoppingcarttime" time="6.214" classname="loginTest.AmazonTest"/>
  <testcase name="checkoutfunction" time="2.077" classname="loginTest.AmazonTest"/>
</testsuite> <!-- loginTest.AmazonTest -->
