<?xml version="1.0" encoding="UTF-8"?>
<!-- Generated by org.testng.reporters.JUnitReportReporter -->
<testsuite skipped="0" hostname="DESKTOP-S49HO28" name="loginTest.BaseClass" tests="1" failures="0" timestamp="06 Oct 2022 09:23:19 GMT" time="0.005" errors="0">
  <testcase name="onew" time="0.005" classname="loginTest.BaseClass"/>
</testsuite> <!-- loginTest.BaseClass -->
