<?xml version="1.0" encoding="UTF-8"?>
<!-- Generated by org.testng.reporters.JUnitReportReporter -->
<testsuite skipped="0" hostname="DESKTOP-S49HO28" name="loginTest.LandingpageTest" tests="1" failures="0" timestamp="03 Oct 2022 08:10:40 GMT" time="0.006" errors="0">
  <testcase name="test3" time="0.006" classname="loginTest.LandingpageTest"/>
</testsuite> <!-- loginTest.LandingpageTest -->
